Build started 30/11/2017 17:27:42.
     1>Project "C:\Users\ws1234\Desktop\work\AdvCpp\sSync\Mutex\Mutex.vcxproj" on node 2 (Build target(s)).
     1>C:\Program Files (x86)\MSBuild\Microsoft.Cpp\v4.0\V110\Microsoft.CppBuild.targets(346,5): warning MSB8004: Output Directory does not end with a trailing slash.  This build instance will add the slash as it is required to allow proper evaluation of the Output Directory.
     1>ClCompile:
         C:\Program Files (x86)\Microsoft Visual Studio 11.0\VC\bin\CL.exe /c /IC:\Users\ws1234\Desktop\work\AdvCpp\sSync\Mutex /IC:\Users\ws1234\Desktop\work\AdvCpp\sSync\Mutex /AIC:\Users\ws1234\Desktop\work\AdvCpp\sSync\Mutex /AIC:\Users\ws1234\Desktop\work\AdvCpp\sSync\Mutex /ZI /nologo /W3 /WX- /sdl /Od /Oy- /D WIN32 /D _DEBUG /D _CONSOLE /D _UNICODE /D UNICODE /Gm /EHsc /RTC1 /MDd /GS /fp:precise /Zc:wchar_t /Zc:forScope /Yu"stdafx.h" /Fp"Debug\Mutex.pch" /Fo"Debug\\" /Fd"Debug\vc110.pdb" /Gd /TP /analyze- /errorReport:prompt test.cpp
         test.cpp
       Link:
         C:\Program Files (x86)\Microsoft Visual Studio 11.0\VC\bin\link.exe /ERRORREPORT:PROMPT /OUT:".\Mutex.exe" /INCREMENTAL /NOLOGO kernel32.lib user32.lib gdi32.lib winspool.lib comdlg32.lib advapi32.lib shell32.lib ole32.lib oleaut32.lib uuid.lib odbc32.lib odbccp32.lib /MANIFEST /MANIFESTUAC:"level='asInvoker' uiAccess='false'" /manifest:embed /DEBUG /PDB:".\Mutex.pdb" /SUBSYSTEM:CONSOLE /TLBID:1 /DYNAMICBASE /NXCOMPAT /IMPLIB:".\Mutex.lib" /MACHINE:X86 Debug\CleanUpHandler.obj
         Debug\CondVar.obj
         Debug\Guard.obj
         Debug\Mutex.obj
         Debug\stdafx.obj
         Debug\Task.obj
         Debug\TaskHandler.obj
         Debug\test.obj
         Debug\ThreadPool.obj
         Mutex.vcxproj -> C:\Users\ws1234\Desktop\work\AdvCpp\sSync\Mutex\.\Mutex.exe
     1>Done Building Project "C:\Users\ws1234\Desktop\work\AdvCpp\sSync\Mutex\Mutex.vcxproj" (Build target(s)).

Build succeeded.

Time Elapsed 00:00:02.52
