C:\USERS\WS1234\DESKTOP\WORK\ADVCPP\SSYNC\MUTEX\DEBUG\MUTEX.PCH
C:\USERS\WS1234\DESKTOP\WORK\ADVCPP\SSYNC\MUTEX\DEBUG\STDAFX.OBJ
C:\USERS\WS1234\DESKTOP\WORK\ADVCPP\SSYNC\MUTEX\DEBUG\VC110.PDB
C:\USERS\WS1234\DESKTOP\WORK\ADVCPP\SSYNC\MUTEX\DEBUG\CLEANUPHANDLER.OBJ
C:\USERS\WS1234\DESKTOP\WORK\ADVCPP\SSYNC\MUTEX\DEBUG\CONDVAR.OBJ
C:\USERS\WS1234\DESKTOP\WORK\ADVCPP\SSYNC\MUTEX\DEBUG\GUARD.OBJ
C:\USERS\WS1234\DESKTOP\WORK\ADVCPP\SSYNC\MUTEX\DEBUG\MUTEX.OBJ
C:\USERS\WS1234\DESKTOP\WORK\ADVCPP\SSYNC\MUTEX\DEBUG\TASK.OBJ
C:\USERS\WS1234\DESKTOP\WORK\ADVCPP\SSYNC\MUTEX\DEBUG\TASKHANDLER.OBJ
C:\USERS\WS1234\DESKTOP\WORK\ADVCPP\SSYNC\MUTEX\DEBUG\THREADPOOL.OBJ
C:\USERS\WS1234\DESKTOP\WORK\ADVCPP\SSYNC\MUTEX\DEBUG\TEST.OBJ
C:\USERS\WS1234\DESKTOP\WORK\ADVCPP\SSYNC\MUTEX\MUTEX.ILK
C:\USERS\WS1234\DESKTOP\WORK\ADVCPP\SSYNC\MUTEX\MUTEX.EXE
C:\USERS\WS1234\DESKTOP\WORK\ADVCPP\SSYNC\MUTEX\MUTEX.PDB
C:\Users\ws1234\Desktop\work\AdvCpp\sSync\Mutex\Debug\CleanUpHandler.obj
C:\Users\ws1234\Desktop\work\AdvCpp\sSync\Mutex\Debug\CondVar.obj
C:\Users\ws1234\Desktop\work\AdvCpp\sSync\Mutex\Debug\Guard.obj
C:\Users\ws1234\Desktop\work\AdvCpp\sSync\Mutex\Debug\Mutex.obj
C:\Users\ws1234\Desktop\work\AdvCpp\sSync\Mutex\Debug\stdafx.obj
C:\Users\ws1234\Desktop\work\AdvCpp\sSync\Mutex\Debug\Task.obj
C:\Users\ws1234\Desktop\work\AdvCpp\sSync\Mutex\Debug\TaskHandler.obj
C:\Users\ws1234\Desktop\work\AdvCpp\sSync\Mutex\Debug\ThreadPool.obj
C:\Users\ws1234\Desktop\work\AdvCpp\sSync\Mutex\Debug\cl.command.1.tlog
C:\Users\ws1234\Desktop\work\AdvCpp\sSync\Mutex\Debug\CL.read.1.tlog
C:\Users\ws1234\Desktop\work\AdvCpp\sSync\Mutex\Debug\CL.write.1.tlog
C:\Users\ws1234\Desktop\work\AdvCpp\sSync\Mutex\Debug\link-cvtres.read.1.tlog
C:\Users\ws1234\Desktop\work\AdvCpp\sSync\Mutex\Debug\link-cvtres.write.1.tlog
C:\Users\ws1234\Desktop\work\AdvCpp\sSync\Mutex\Debug\link-rc.read.1.tlog
C:\Users\ws1234\Desktop\work\AdvCpp\sSync\Mutex\Debug\link-rc.write.1.tlog
C:\Users\ws1234\Desktop\work\AdvCpp\sSync\Mutex\Debug\link.command.1.tlog
C:\Users\ws1234\Desktop\work\AdvCpp\sSync\Mutex\Debug\link.read.1.tlog
C:\Users\ws1234\Desktop\work\AdvCpp\sSync\Mutex\Debug\link.write.1.tlog
C:\Users\ws1234\Desktop\work\AdvCpp\sSync\Mutex\Debug\Mutex.pch
C:\Users\ws1234\Desktop\work\AdvCpp\sSync\Mutex\Debug\vc110.idb
C:\Users\ws1234\Desktop\work\AdvCpp\sSync\Mutex\Debug\vc110.pdb
C:\Users\ws1234\Desktop\work\AdvCpp\sSync\Mutex\.\Mutex.exe
